[11-Oct-2018 06:10:33 UTC] PHP Parse error:  syntax error, unexpected '.', expecting '&' or variable (T_VARIABLE) in /home/ubuntu/workspace/tolet/vendor/symfony/var-dumper/Resources/functions/dump.php on line 18
[11-Oct-2018 06:10:33 UTC] PHP Stack trace:
[11-Oct-2018 06:10:33 UTC] PHP   1. {main}() /home/ubuntu/workspace/tolet/public/index.php:0
[11-Oct-2018 06:10:33 UTC] PHP   2. require() /home/ubuntu/workspace/tolet/public/index.php:24
[11-Oct-2018 06:10:33 UTC] PHP   3. ComposerAutoloaderInit4e3cf16ad9ee195bb5d19e9cbe1cf7ae::getLoader() /home/ubuntu/workspace/tolet/vendor/autoload.php:7
[11-Oct-2018 06:10:33 UTC] PHP   4. composerRequire4e3cf16ad9ee195bb5d19e9cbe1cf7ae() /home/ubuntu/workspace/tolet/vendor/composer/autoload_real.php:56
[11-Oct-2018 06:14:46 UTC] PHP Parse error:  syntax error, unexpected '.', expecting '&' or variable (T_VARIABLE) in /home/ubuntu/workspace/tolet/vendor/symfony/var-dumper/Resources/functions/dump.php on line 18
[11-Oct-2018 06:14:46 UTC] PHP Stack trace:
[11-Oct-2018 06:14:46 UTC] PHP   1. {main}() /home/ubuntu/workspace/tolet/public/index.php:0
[11-Oct-2018 06:14:46 UTC] PHP   2. require() /home/ubuntu/workspace/tolet/public/index.php:24
[11-Oct-2018 06:14:46 UTC] PHP   3. ComposerAutoloaderInit4e3cf16ad9ee195bb5d19e9cbe1cf7ae::getLoader() /home/ubuntu/workspace/tolet/vendor/autoload.php:7
[11-Oct-2018 06:14:46 UTC] PHP   4. composerRequire4e3cf16ad9ee195bb5d19e9cbe1cf7ae() /home/ubuntu/workspace/tolet/vendor/composer/autoload_real.php:56
[11-Oct-2018 06:16:22 UTC] PHP Parse error:  syntax error, unexpected '.', expecting '&' or variable (T_VARIABLE) in /home/ubuntu/workspace/tolet/vendor/symfony/var-dumper/Resources/functions/dump.php on line 18
[11-Oct-2018 06:16:22 UTC] PHP Stack trace:
[11-Oct-2018 06:16:22 UTC] PHP   1. {main}() /home/ubuntu/workspace/tolet/public/index.php:0
[11-Oct-2018 06:16:22 UTC] PHP   2. require() /home/ubuntu/workspace/tolet/public/index.php:24
[11-Oct-2018 06:16:22 UTC] PHP   3. ComposerAutoloaderInit4e3cf16ad9ee195bb5d19e9cbe1cf7ae::getLoader() /home/ubuntu/workspace/tolet/vendor/autoload.php:7
[11-Oct-2018 06:16:22 UTC] PHP   4. composerRequire4e3cf16ad9ee195bb5d19e9cbe1cf7ae() /home/ubuntu/workspace/tolet/vendor/composer/autoload_real.php:56
[11-Oct-2018 08:23:26 UTC] PHP Fatal error:  Uncaught ReflectionException: Class view does not exist in /home/ubuntu/workspace/tolet/vendor/laravel/framework/src/Illuminate/Container/Container.php:768
Stack trace:
#0 /home/ubuntu/workspace/tolet/vendor/laravel/framework/src/Illuminate/Container/Container.php(768): ReflectionClass->__construct('view')
#1 /home/ubuntu/workspace/tolet/vendor/laravel/framework/src/Illuminate/Container/Container.php(647): Illuminate\Container\Container->build('view')
#2 /home/ubuntu/workspace/tolet/vendor/laravel/framework/src/Illuminate/Container/Container.php(602): Illuminate\Container\Container->resolve('view', Array)
#3 /home/ubuntu/workspace/tolet/vendor/laravel/framework/src/Illuminate/Foundation/Application.php(734): Illuminate\Container\Container->make('view', Array)
#4 /home/ubuntu/workspace/tolet/vendor/laravel/framework/src/Illuminate/Container/Container.php(1211): Illuminate\Foundation\Application->make('view')
#5 /home/ubuntu/workspace/tolet/vendor/laravel/framework/src/Illuminate/Support/Facades/Facade.php(161) in /home/ubuntu/workspace/tolet/vendor/laravel/framework/src/Illuminate/Container/Container.php on line 768
[11-Oct-2018 08:23:49 UTC] PHP Fatal error:  Uncaught ReflectionException: Class view does not exist in /home/ubuntu/workspace/tolet/vendor/laravel/framework/src/Illuminate/Container/Container.php:768
Stack trace:
#0 /home/ubuntu/workspace/tolet/vendor/laravel/framework/src/Illuminate/Container/Container.php(768): ReflectionClass->__construct('view')
#1 /home/ubuntu/workspace/tolet/vendor/laravel/framework/src/Illuminate/Container/Container.php(647): Illuminate\Container\Container->build('view')
#2 /home/ubuntu/workspace/tolet/vendor/laravel/framework/src/Illuminate/Container/Container.php(602): Illuminate\Container\Container->resolve('view', Array)
#3 /home/ubuntu/workspace/tolet/vendor/laravel/framework/src/Illuminate/Foundation/Application.php(734): Illuminate\Container\Container->make('view', Array)
#4 /home/ubuntu/workspace/tolet/vendor/laravel/framework/src/Illuminate/Container/Container.php(1211): Illuminate\Foundation\Application->make('view')
#5 /home/ubuntu/workspace/tolet/vendor/laravel/framework/src/Illuminate/Support/Facades/Facade.php(161) in /home/ubuntu/workspace/tolet/vendor/laravel/framework/src/Illuminate/Container/Container.php on line 768
[11-Oct-2018 08:24:03 UTC] PHP Fatal error:  Uncaught ReflectionException: Class view does not exist in /home/ubuntu/workspace/tolet/vendor/laravel/framework/src/Illuminate/Container/Container.php:768
Stack trace:
#0 /home/ubuntu/workspace/tolet/vendor/laravel/framework/src/Illuminate/Container/Container.php(768): ReflectionClass->__construct('view')
#1 /home/ubuntu/workspace/tolet/vendor/laravel/framework/src/Illuminate/Container/Container.php(647): Illuminate\Container\Container->build('view')
#2 /home/ubuntu/workspace/tolet/vendor/laravel/framework/src/Illuminate/Container/Container.php(602): Illuminate\Container\Container->resolve('view', Array)
#3 /home/ubuntu/workspace/tolet/vendor/laravel/framework/src/Illuminate/Foundation/Application.php(734): Illuminate\Container\Container->make('view', Array)
#4 /home/ubuntu/workspace/tolet/vendor/laravel/framework/src/Illuminate/Container/Container.php(1211): Illuminate\Foundation\Application->make('view')
#5 /home/ubuntu/workspace/tolet/vendor/laravel/framework/src/Illuminate/Support/Facades/Facade.php(161) in /home/ubuntu/workspace/tolet/vendor/laravel/framework/src/Illuminate/Container/Container.php on line 768
[19-Dec-2018 10:14:22 UTC] PHP Fatal error:  Trait 'App\SoftDeletes' not found in /home/ubuntu/workspace/tolet/app/Task.php on line 10
[20-Dec-2018 13:47:05 UTC] PHP Fatal error:  Can't use method return value in write context in /home/ubuntu/workspace/tolet/app/Http/Controllers/Tenant/TaskController.php on line 51
[02-Jan-2019 06:42:47 UTC] PHP Fatal error:  Class 'App\Http\Controllers\Tenant\Controller' not found in /home/ubuntu/workspace/tolet/app/Http/Controllers/Tenant/NoticeController.php on line 7
[02-Jan-2019 07:45:00 UTC] PHP Fatal error:  Trait 'App\Notifiable' not found in /home/ubuntu/workspace/tolet/app/Notice.php on line 9
[02-Jan-2019 09:25:19 UTC] PHP Fatal error:  Class 'App\Http\Controllers\Tenant\Controller' not found in /home/ubuntu/workspace/tolet/app/Http/Controllers/Tenant/SettingsController.php on line 7
[03-Jan-2019 14:28:34 UTC] PHP Fatal error:  Maximum execution time of 30 seconds exceeded in /home/ubuntu/workspace/tolet/vendor/pragmarx/coollection/src/package/Coollection.php on line 147
[16-Jan-2019 12:03:57 UTC] PHP Fatal error:  Class 'App\Http\Controllers\Agent\Controller' not found in /home/ubuntu/workspace/tolet/app/Http/Controllers/Agent/MaintenanceController.php on line 8
[16-Jan-2019 12:23:18 UTC] PHP Fatal error:  Cannot use Illuminate\Database\Eloquent\Model as Model because the name is already in use in /home/ubuntu/workspace/tolet/app/Maintenance.php on line 8
[18-Feb-2019 14:10:22 UTC] PHP Fatal error:  Maximum execution time of 30 seconds exceeded in /home/ubuntu/workspace/tolet/vendor/pragmarx/countries/src/package/Services/Helper.php on line 33
[17-Apr-2019 07:35:37 UTC] PHP Fatal error:  Class 'App\Http\Controllers\Admin\Controller' not found in /home/ubuntu/workspace/tolet/app/Http/Controllers/Admin/AgentController.php on line 8
[08-May-2019 08:18:18 UTC] PHP Fatal error:  Cannot use Illuminate\Notifications\Notifiable as Notifiable because the name is already in use in /home/ubuntu/workspace/tolet/app/Vendor.php on line 7
[08-May-2019 08:22:46 UTC] PHP Fatal error:  Cannot use App\Tenant as Tenant because the name is already in use in /home/ubuntu/workspace/tolet/app/Http/Controllers/Admin/TenantController.php on line 17
[08-May-2019 08:23:17 UTC] PHP Fatal error:  Cannot use App\Tenant as Tenant because the name is already in use in /home/ubuntu/workspace/tolet/app/Http/Controllers/Admin/TenantController.php on line 17
[08-May-2019 08:29:39 UTC] PHP Fatal error:  Cannot use Illuminate\Notifications\Notifiable as Notifiable because the name is already in use in /home/ubuntu/workspace/tolet/app/Vendor.php on line 7
[10-Jun-2019 12:15:54 UTC] PHP Fatal error:  Cannot redeclare App\Mail\AgentWelcomeMail::__construct() in /home/ubuntu/workspace/tolet/app/Mail/AgentWelcomeMail.php on line 31
[10-Jun-2019 12:17:52 UTC] PHP Fatal error:  Cannot redeclare App\Mail\AgentWelcomeMail::__construct() in /home/ubuntu/workspace/tolet/app/Mail/AgentWelcomeMail.php on line 31
